<?xml version="1.0" encoding="UTF-8"?>
<testng-results skipped="0" failed="0" total="1" passed="1">
  <reporter-output>
  </reporter-output>
  <suite name="Default suite" duration-ms="1861" started-at="2020-02-22T09:02:44Z" finished-at="2020-02-22T09:02:46Z">
    <groups>
    </groups>
    <test name="Default test" duration-ms="1861" started-at="2020-02-22T09:02:44Z" finished-at="2020-02-22T09:02:46Z">
      <class name="TestScript.com.Basic3">
        <test-method status="PASS" signature="createPlaceAPI()[pri:0, instance:TestScript.com.Basic3@47c62251]" name="createPlaceAPI" duration-ms="1850" started-at="2020-02-22T14:32:44Z" finished-at="2020-02-22T14:32:46Z">
          <reporter-output>
          </reporter-output>
        </test-method> <!-- createPlaceAPI -->
      </class> <!-- TestScript.com.Basic3 -->
    </test> <!-- Default test -->
  </suite> <!-- Default suite -->
</testng-results>
