<?xml version="1.0" encoding="UTF-8"?>
<testng-results skipped="0" failed="0" total="1" passed="1">
  <reporter-output>
  </reporter-output>
  <suite name="Default suite" duration-ms="1869" started-at="2020-02-23T09:49:30Z" finished-at="2020-02-23T09:49:31Z">
    <groups>
    </groups>
    <test name="Default test" duration-ms="1869" started-at="2020-02-23T09:49:30Z" finished-at="2020-02-23T09:49:31Z">
      <class name="Library.com.StaticJson">
        <test-method status="PASS" signature="addBookTest()[pri:0, instance:Library.com.StaticJson@47c62251]" name="addBookTest" duration-ms="1857" started-at="2020-02-23T15:19:30Z" finished-at="2020-02-23T15:19:31Z">
          <reporter-output>
          </reporter-output>
        </test-method> <!-- addBookTest -->
      </class> <!-- Library.com.StaticJson -->
    </test> <!-- Default test -->
  </suite> <!-- Default suite -->
</testng-results>
